23-Dec-2019 12:07:26.196 信息 [main] org.apache.catalina.startup.VersionLoggerListener.log Server version:        Apache Tomcat/8.5.23
23-Dec-2019 12:07:26.277 信息 [main] org.apache.catalina.startup.VersionLoggerListener.log Server built:          Sep 28 2017 10:30:11 UTC
23-Dec-2019 12:07:26.279 信息 [main] org.apache.catalina.startup.VersionLoggerListener.log Server number:         8.5.23.0
23-Dec-2019 12:07:26.279 信息 [main] org.apache.catalina.startup.VersionLoggerListener.log OS Name:               Windows 10
23-Dec-2019 12:07:26.280 信息 [main] org.apache.catalina.startup.VersionLoggerListener.log OS Version:            10.0
23-Dec-2019 12:07:26.280 信息 [main] org.apache.catalina.startup.VersionLoggerListener.log Architecture:          amd64
23-Dec-2019 12:07:26.281 信息 [main] org.apache.catalina.startup.VersionLoggerListener.log Java Home:             D:\software\java\jdk\1.8\jre
23-Dec-2019 12:07:26.281 信息 [main] org.apache.catalina.startup.VersionLoggerListener.log JVM Version:           1.8.0_131-b11
23-Dec-2019 12:07:26.282 信息 [main] org.apache.catalina.startup.VersionLoggerListener.log JVM Vendor:            Oracle Corporation
23-Dec-2019 12:07:26.282 信息 [main] org.apache.catalina.startup.VersionLoggerListener.log CATALINA_BASE:         D:\software\servers\web\apache-tomcat-8.5.23-windows-x64\apache-tomcat-8.5.23
23-Dec-2019 12:07:26.283 信息 [main] org.apache.catalina.startup.VersionLoggerListener.log CATALINA_HOME:         D:\software\servers\web\apache-tomcat-8.5.23-windows-x64\apache-tomcat-8.5.23
23-Dec-2019 12:07:26.284 信息 [main] org.apache.catalina.startup.VersionLoggerListener.log Command line argument: -Djava.util.logging.config.file=D:\software\servers\web\apache-tomcat-8.5.23-windows-x64\apache-tomcat-8.5.23\conf\logging.properties
23-Dec-2019 12:07:26.285 信息 [main] org.apache.catalina.startup.VersionLoggerListener.log Command line argument: -Djava.util.logging.manager=org.apache.juli.ClassLoaderLogManager
23-Dec-2019 12:07:26.286 信息 [main] org.apache.catalina.startup.VersionLoggerListener.log Command line argument: -Djdk.tls.ephemeralDHKeySize=2048
23-Dec-2019 12:07:26.286 信息 [main] org.apache.catalina.startup.VersionLoggerListener.log Command line argument: -Djava.protocol.handler.pkgs=org.apache.catalina.webresources
23-Dec-2019 12:07:26.291 信息 [main] org.apache.catalina.startup.VersionLoggerListener.log Command line argument: -Dcatalina.base=D:\software\servers\web\apache-tomcat-8.5.23-windows-x64\apache-tomcat-8.5.23
23-Dec-2019 12:07:26.292 信息 [main] org.apache.catalina.startup.VersionLoggerListener.log Command line argument: -Dcatalina.home=D:\software\servers\web\apache-tomcat-8.5.23-windows-x64\apache-tomcat-8.5.23
23-Dec-2019 12:07:26.294 信息 [main] org.apache.catalina.startup.VersionLoggerListener.log Command line argument: -Djava.io.tmpdir=D:\software\servers\web\apache-tomcat-8.5.23-windows-x64\apache-tomcat-8.5.23\temp
23-Dec-2019 12:07:26.296 信息 [main] org.apache.catalina.core.AprLifecycleListener.lifecycleEvent Loaded APR based Apache Tomcat Native library [1.2.14] using APR version [1.6.2].
23-Dec-2019 12:07:26.297 信息 [main] org.apache.catalina.core.AprLifecycleListener.lifecycleEvent APR capabilities: IPv6 [true], sendfile [true], accept filters [false], random [true].
23-Dec-2019 12:07:26.298 信息 [main] org.apache.catalina.core.AprLifecycleListener.lifecycleEvent APR/OpenSSL configuration: useAprConnector [false], useOpenSSL [true]
23-Dec-2019 12:07:27.083 信息 [main] org.apache.catalina.core.AprLifecycleListener.initializeSSL OpenSSL successfully initialized [OpenSSL 1.0.2l  25 May 2017]
23-Dec-2019 12:07:29.758 信息 [main] org.apache.coyote.AbstractProtocol.init Initializing ProtocolHandler ["http-nio-8080"]
23-Dec-2019 12:07:30.615 信息 [main] org.apache.tomcat.util.net.NioSelectorPool.getSharedSelector Using a shared selector for servlet write/read
23-Dec-2019 12:07:30.619 信息 [main] org.apache.coyote.AbstractProtocol.init Initializing ProtocolHandler ["ajp-nio-8009"]
23-Dec-2019 12:07:30.622 信息 [main] org.apache.tomcat.util.net.NioSelectorPool.getSharedSelector Using a shared selector for servlet write/read
23-Dec-2019 12:07:30.623 信息 [main] org.apache.catalina.startup.Catalina.load Initialization processed in 5327 ms
23-Dec-2019 12:07:30.702 信息 [main] org.apache.catalina.core.StandardService.startInternal Starting service [Catalina]
23-Dec-2019 12:07:30.704 信息 [main] org.apache.catalina.core.StandardEngine.startInternal Starting Servlet Engine: Apache Tomcat/8.5.23
23-Dec-2019 12:07:30.720 信息 [localhost-startStop-1] org.apache.catalina.startup.HostConfig.deployDirectory Deploying web application directory [D:\software\servers\web\apache-tomcat-8.5.23-windows-x64\apache-tomcat-8.5.23\webapps\ROOT]
23-Dec-2019 12:07:31.373 信息 [localhost-startStop-1] org.apache.catalina.startup.HostConfig.deployDirectory Deployment of web application directory [D:\software\servers\web\apache-tomcat-8.5.23-windows-x64\apache-tomcat-8.5.23\webapps\ROOT] has finished in [643] ms
23-Dec-2019 12:07:31.396 信息 [main] org.apache.coyote.AbstractProtocol.start Starting ProtocolHandler ["http-nio-8080"]
23-Dec-2019 12:07:31.408 信息 [main] org.apache.coyote.AbstractProtocol.start Starting ProtocolHandler ["ajp-nio-8009"]
23-Dec-2019 12:07:31.416 信息 [main] org.apache.catalina.startup.Catalina.start Server startup in 793 ms
